#
# There is insufficient memory for the Java Runtime Environment to continue.
# Native memory allocation (malloc) failed to allocate 1048576 bytes. Error detail: AllocateHeap
# Possible reasons:
#   The system is out of physical RAM or swap space
#   This process is running with CompressedOops enabled, and the Java Heap may be blocking the growth of the native heap
# Possible solutions:
#   Reduce memory load on the system
#   Increase physical memory or swap space
#   Check if swap backing store is full
#   Decrease Java heap size (-Xmx/-Xms)
#   Decrease number of Java threads
#   Decrease Java thread stack sizes (-Xss)
#   Set larger code cache with -XX:ReservedCodeCacheSize=
#   JVM is running with Unscaled Compressed Oops mode in which the Java heap is
#     placed in the first 4GB address space. The Java Heap base address is the
#     maximum limit for the native heap growth. Please use -XX:HeapBaseMinAddress
#     to set the Java Heap base and to place the Java Heap above 4GB virtual address.
# This output file may be truncated or incomplete.
#
#  Out of Memory Error (allocation.cpp:44), pid=10932, tid=17692
#
# JRE version: OpenJDK Runtime Environment Temurin-21.0.9+10 (21.0.9+10) (build 21.0.9+10-LTS)
# Java VM: OpenJDK 64-Bit Server VM Temurin-21.0.9+10 (21.0.9+10-LTS, mixed mode, sharing, tiered, compressed oops, compressed class ptrs, parallel gc, windows-amd64)
# No core dump will be written. Minidumps are not enabled by default on client versions of Windows
#

---------------  S U M M A R Y ------------

Command Line: --add-modules=ALL-SYSTEM --add-opens=java.base/java.util=ALL-UNNAMED --add-opens=java.base/java.lang=ALL-UNNAMED --add-opens=java.base/sun.nio.fs=ALL-UNNAMED -Declipse.application=org.eclipse.jdt.ls.core.id1 -Dosgi.bundles.defaultStartLevel=4 -Declipse.product=org.eclipse.jdt.ls.core.product -Djava.import.generatesMetadataFilesAtProjectRoot=false -DDetectVMInstallationsJob.disabled=true -Dfile.encoding=utf8 -XX:+UseParallelGC -XX:GCTimeRatio=4 -XX:AdaptiveSizePolicyWeight=90 -Dsun.zip.disableMemoryMapping=true -Xmx2G -Xms100m -Xlog:disable -javaagent:c:\Users\Administrator\.trae-cn\extensions\redhat.java-1.52.0-win32-x64\lombok\lombok-1.18.39-4050.jar -XX:+HeapDumpOnOutOfMemoryError -XX:HeapDumpPath=c:\Users\Administrator\AppData\Roaming\Trae CN\User\workspaceStorage\6a6730eed0bfbc042aabbcec31c7c469\redhat.java -Daether.dependencyCollector.impl=bf c:\Users\Administrator\.trae-cn\extensions\redhat.java-1.52.0-win32-x64\server\plugins\org.eclipse.equinox.launcher_1.7.100.v20251111-0406.jar -configuration c:\Users\Administrator\AppData\Roaming\Trae CN\User\globalStorage\redhat.java\1.52.0\config_win -data c:\Users\Administrator\AppData\Roaming\Trae CN\User\workspaceStorage\6a6730eed0bfbc042aabbcec31c7c469\redhat.java\jdt_ws --pipe=\\.\pipe\lsp-96365d0b98d5f026f8e4c7164ac280b2-sock

Host: Intel(R) Core(TM) i7-8809G CPU @ 3.10GHz, 8 cores, 31G,  Windows 10 , 64 bit Build 19041 (10.0.19041.5915)
Time: Wed Feb 11 07:33:10 2026 elapsed time: 25764.270336 seconds (0d 7h 9m 24s)

---------------  T H R E A D  ---------------

Current thread (0x0000026322c9d350):  JavaThread "Attach Listener" daemon [_thread_in_vm, id=17692, stack(0x0000008021f00000,0x0000008022000000) (1024K)]

Stack: [0x0000008021f00000,0x0000008022000000]
Native frames: (J=compiled Java code, j=interpreted, Vv=VM code, C=native code)
V  [jvm.dll+0x6d6e29]
V  [jvm.dll+0x8b4b76]
V  [jvm.dll+0x8b712e]
V  [jvm.dll+0x8b7813]
V  [jvm.dll+0x283d86]
V  [jvm.dll+0xc1277]
V  [jvm.dll+0x6d76d9]
V  [jvm.dll+0x133466]
V  [jvm.dll+0x3f7ea6]
V  [jvm.dll+0x85e9ad]
V  [jvm.dll+0x6d565d]
C  [ucrtbase.dll+0x21bb2]
C  [KERNEL32.DLL+0x17374]
C  [ntdll.dll+0x4cc91]


---------------  P R O C E S S  ---------------

Threads class SMR info:
_java_thread_list=0x000002637c12baa0, length=35, elements={
0x0000026322d23d60, 0x0000026322c999c0, 0x0000026322c9ad60, 0x0000026322c9c640,
0x0000026322c9d350, 0x0000026322c9e060, 0x0000026322c9fac0, 0x0000026322ca0840,
0x0000026322cdd330, 0x000002637c1ea380, 0x000002637c334e80, 0x000002637cd2f9a0,
0x000002637c9d2080, 0x000002637cb295d0, 0x000002637c7ae5a0, 0x000002637d205b60,
0x000002637d136290, 0x000002637d3e9500, 0x000002637ca886e0, 0x000002637d8f6550,
0x000002637d8f7900, 0x000002637d8f7f90, 0x000002637d8f8620, 0x0000026304b59a20,
0x0000026304b5baf0, 0x0000026304b572c0, 0x0000026304b565a0, 0x0000026304b56c30,
0x0000026304b57950, 0x0000026304b59390, 0x0000026304b5a740, 0x0000026304b5c810,
0x0000026304ab34a0, 0x000002630446fd20, 0x000002630446f690
}

Java Threads: ( => current thread )
  0x0000026322d23d60 JavaThread "main"                              [_thread_blocked, id=17604, stack(0x0000008021800000,0x0000008021900000) (1024K)]
  0x0000026322c999c0 JavaThread "Reference Handler"          daemon [_thread_blocked, id=7140, stack(0x0000008021c00000,0x0000008021d00000) (1024K)]
  0x0000026322c9ad60 JavaThread "Finalizer"                  daemon [_thread_blocked, id=24264, stack(0x0000008021d00000,0x0000008021e00000) (1024K)]
  0x0000026322c9c640 JavaThread "Signal Dispatcher"          daemon [_thread_blocked, id=1152, stack(0x0000008021e00000,0x0000008021f00000) (1024K)]
=>0x0000026322c9d350 JavaThread "Attach Listener"            daemon [_thread_in_vm, id=17692, stack(0x0000008021f00000,0x0000008022000000) (1024K)]
  0x0000026322c9e060 JavaThread "Service Thread"             daemon [_thread_blocked, id=18204, stack(0x0000008022000000,0x0000008022100000) (1024K)]
  0x0000026322c9fac0 JavaThread "Monitor Deflation Thread"   daemon [_thread_blocked, id=9680, stack(0x0000008022100000,0x0000008022200000) (1024K)]
  0x0000026322ca0840 JavaThread "C2 CompilerThread0"         daemon [_thread_blocked, id=26940, stack(0x0000008022200000,0x0000008022300000) (1024K)]
  0x0000026322cdd330 JavaThread "C1 CompilerThread0"         daemon [_thread_blocked, id=27640, stack(0x0000008022300000,0x0000008022400000) (1024K)]
  0x000002637c1ea380 JavaThread "Common-Cleaner"             daemon [_thread_blocked, id=2608, stack(0x0000008022400000,0x0000008022500000) (1024K)]
  0x000002637c334e80 JavaThread "Notification Thread"        daemon [_thread_blocked, id=6724, stack(0x0000008022500000,0x0000008022600000) (1024K)]
  0x000002637cd2f9a0 JavaThread "Active Thread: Equinox Container: 3e0a671d-f2c6-4f33-bf4b-b2ddd446b578"        [_thread_blocked, id=22352, stack(0x0000008022e00000,0x0000008022f00000) (1024K)]
  0x000002637c9d2080 JavaThread "Refresh Thread: Equinox Container: 3e0a671d-f2c6-4f33-bf4b-b2ddd446b578" daemon [_thread_blocked, id=2616, stack(0x0000008022f00000,0x0000008023000000) (1024K)]
  0x000002637cb295d0 JavaThread "Framework Event Dispatcher: Equinox Container: 3e0a671d-f2c6-4f33-bf4b-b2ddd446b578" daemon [_thread_blocked, id=8688, stack(0x0000008023000000,0x0000008023100000) (1024K)]
  0x000002637c7ae5a0 JavaThread "Start Level: Equinox Container: 3e0a671d-f2c6-4f33-bf4b-b2ddd446b578" daemon [_thread_blocked, id=26180, stack(0x0000008023100000,0x0000008023200000) (1024K)]
  0x000002637d205b60 JavaThread "Bundle File Closer"         daemon [_thread_blocked, id=18680, stack(0x0000008023300000,0x0000008023400000) (1024K)]
  0x000002637d136290 JavaThread "SCR Component Actor"        daemon [_thread_blocked, id=26776, stack(0x0000008022600000,0x0000008022700000) (1024K)]
  0x000002637d3e9500 JavaThread "Worker-JM"                         [_thread_blocked, id=23412, stack(0x0000008023500000,0x0000008023600000) (1024K)]
  0x000002637ca886e0 JavaThread "JNA Cleaner"                daemon [_thread_blocked, id=15076, stack(0x0000008023400000,0x0000008023500000) (1024K)]
  0x000002637d8f6550 JavaThread "Java indexing"              daemon [_thread_blocked, id=17056, stack(0x0000008023a00000,0x0000008023b00000) (1024K)]
  0x000002637d8f7900 JavaThread "Thread-1"                   daemon [_thread_in_native, id=24800, stack(0x0000008023f00000,0x0000008024000000) (1024K)]
  0x000002637d8f7f90 JavaThread "Thread-2"                   daemon [_thread_in_native, id=5084, stack(0x0000008024000000,0x0000008024100000) (1024K)]
  0x000002637d8f8620 JavaThread "Thread-3"                   daemon [_thread_in_native, id=12396, stack(0x0000008024100000,0x0000008024200000) (1024K)]
  0x0000026304b59a20 JavaThread "Thread-4"                   daemon [_thread_in_native, id=4796, stack(0x0000008024200000,0x0000008024300000) (1024K)]
  0x0000026304b5baf0 JavaThread "Thread-5"                   daemon [_thread_in_native, id=14900, stack(0x0000008024300000,0x0000008024400000) (1024K)]
  0x0000026304b572c0 JavaThread "Thread-6"                   daemon [_thread_in_native, id=10828, stack(0x0000008024400000,0x0000008024500000) (1024K)]
  0x0000026304b565a0 JavaThread "Thread-7"                   daemon [_thread_in_native, id=3264, stack(0x0000008024500000,0x0000008024600000) (1024K)]
  0x0000026304b56c30 JavaThread "Thread-8"                   daemon [_thread_in_native, id=5920, stack(0x0000008024600000,0x0000008024700000) (1024K)]
  0x0000026304b57950 JavaThread "Thread-9"                   daemon [_thread_in_native, id=27540, stack(0x0000008024700000,0x0000008024800000) (1024K)]
  0x0000026304b59390 JavaThread "pool-2-thread-1"                   [_thread_blocked, id=26036, stack(0x0000008024800000,0x0000008024900000) (1024K)]
  0x0000026304b5a740 JavaThread "WorkspaceEventsHandler"            [_thread_blocked, id=17336, stack(0x0000008024900000,0x0000008024a00000) (1024K)]
  0x0000026304b5c810 JavaThread "pool-1-thread-1"                   [_thread_blocked, id=24304, stack(0x0000008024a00000,0x0000008024b00000) (1024K)]
  0x0000026304ab34a0 JavaThread "Cleaner-0"                  daemon [_thread_blocked, id=19544, stack(0x0000008025200000,0x0000008025300000) (1024K)]
  0x000002630446fd20 JavaThread "Worker-85"                         [_thread_blocked, id=26024, stack(0x0000008021500000,0x0000008021600000) (1024K)]
  0x000002630446f690 JavaThread "Worker-90"                         [_thread_blocked, id=25040, stack(0x0000008023700000,0x0000008023800000) (1024K)]
Total: 35

Other Threads:
  0x0000026322de6930 VMThread "VM Thread"                           [id=17560, stack(0x0000008021b00000,0x0000008021c00000) (1024K)]
  0x0000026322d92960 WatcherThread "VM Periodic Task Thread"        [id=1816, stack(0x0000008021a00000,0x0000008021b00000) (1024K)]
  0x0000026322d41e90 WorkerThread "GC Thread#0"                     [id=16260, stack(0x0000008021900000,0x0000008021a00000) (1024K)]
  0x000002637c6f5fb0 WorkerThread "GC Thread#1"                     [id=8112, stack(0x0000008022800000,0x0000008022900000) (1024K)]
  0x000002637c6f6350 WorkerThread "GC Thread#2"                     [id=17648, stack(0x0000008022900000,0x0000008022a00000) (1024K)]
  0x000002637c4b0e60 WorkerThread "GC Thread#3"                     [id=9300, stack(0x0000008022a00000,0x0000008022b00000) (1024K)]
  0x000002637c4b1200 WorkerThread "GC Thread#4"                     [id=10196, stack(0x0000008022b00000,0x0000008022c00000) (1024K)]
  0x000002637c4b15a0 WorkerThread "GC Thread#5"                     [id=26264, stack(0x0000008022c00000,0x0000008022d00000) (1024K)]
  0x000002637c4b1940 WorkerThread "GC Thread#6"                     [id=16808, stack(0x0000008022d00000,0x0000008022e00000) (1024K)]
  0x000002637c9db490 WorkerThread "GC Thread#7"                     [id=23476, stack(0x0000008022700000,0x0000008022800000) (1024K)]
Total: 10

Threads with active compile tasks:
Total: 0

VM state: not at safepoint (normal execution)

VM Mutex/Monitor currently owned by a thread: None

Heap address: 0x0000000080000000, size: 2048 MB, Compressed Oops mode: 32-bit

CDS archive(s) mapped at: [0x000002633a000000-0x000002633aba0000-0x000002633aba0000), size 12189696, SharedBaseAddress: 0x000002633a000000, ArchiveRelocationMode: 1.
Compressed class space mapped at: 0x000002633b000000-0x000002637b000000, reserved size: 1073741824
Narrow klass base: 0x000002633a000000, Narrow klass shift: 0, Narrow klass range: 0x100000000

GC Precious Log:
 CardTable entry size: 512
 CPUs: 8 total, 8 available
 Memory: 32683M
 Large Page Support: Disabled
 NUMA Support: Disabled
 Compressed Oops: Enabled (32-bit)
 Alignments: Space 512K, Generation 512K, Heap 2M
 Heap Min Capacity: 100M
 Heap Initial Capacity: 100M
 Heap Max Capacity: 2G
 Pre-touch: Disabled
 Parallel Workers: 8

Heap:
 PSYoungGen      total 4608K, used 1545K [0x00000000d5580000, 0x00000000d5d00000, 0x0000000100000000)
  eden space 4096K, 32% used [0x00000000d5580000,0x00000000d56ca4b8,0x00000000d5980000)
  from space 512K, 43% used [0x00000000d5c80000,0x00000000d5cb8000,0x00000000d5d00000)
  to   space 512K, 0% used [0x00000000d5c00000,0x00000000d5c00000,0x00000000d5c80000)
 ParOldGen       total 418304K, used 418004K [0x0000000080000000, 0x0000000099880000, 0x00000000d5580000)
  object space 418304K, 99% used [0x0000000080000000,0x0000000099835150,0x0000000099880000)
 Metaspace       used 84426K, committed 86080K, reserved 1179648K
  class space    used 8172K, committed 8896K, reserved 1048576K

Card table byte_map: [0x00000263226d0000,0x0000026322ae0000] _byte_map_base: 0x00000263222d0000

Marking Bits: (ParMarkBitMap*) 0x00007ff937672460
 Begin Bits: [0x00000263351e0000, 0x00000263371e0000)
 End Bits:   [0x00000263371e0000, 0x00000263391e0000)

Polling page: 0x0000026320cc0000

Metaspace:

Usage:
  Non-class:     74.47 MB used.
      Class:      7.98 MB used.
       Both:     82.45 MB used.

Virtual space:
  Non-class space:      128.00 MB reserved,      75.38 MB ( 59%) committed,  2 nodes.
      Class space:        1.00 GB reserved,       8.69 MB ( <1%) committed,  1 nodes.
             Both:        1.12 GB reserved,      84.06 MB (  7%) committed. 

Chunk freelists:
   Non-Class:  4.16 MB
       Class:  7.31 MB
        Both:  11.47 MB

MaxMetaspaceSize: unlimited
CompressedClassSpaceSize: 1.00 GB
Initial GC threshold: 21.00 MB
Current GC threshold: 139.50 MB
CDS: on
 - commit_granule_bytes: 65536.
 - commit_granule_words: 8192.
 - virtual_space_node_default_size: 8388608.
 - enlarge_chunks_in_place: 1.
 - use_allocation_guard: 0.


Internal statistics:

num_allocs_failed_limit: 9.
num_arena_births: 2002.
num_arena_deaths: 512.
num_vsnodes_births: 3.
num_vsnodes_deaths: 0.
num_space_committed: 1345.
num_space_uncommitted: 0.
num_chunks_returned_to_freelist: 616.
num_chunks_taken_from_freelist: 6372.
num_chunk_merges: 185.
num_chunk_splits: 3616.
num_chunks_enlarged: 1921.
num_inconsistent_stats: 0.

CodeHeap 'non-profiled nmethods': size=120000Kb used=21859Kb max_used=30105Kb free=98140Kb
 bounds [0x000002632da00000, 0x000002632f770000, 0x0000026334f30000]
CodeHeap 'profiled nmethods': size=120000Kb used=29613Kb max_used=49956Kb free=90386Kb
 bounds [0x0000026325f30000, 0x0000026329000000, 0x000002632d460000]
CodeHeap 'non-nmethods': size=5760Kb used=1524Kb max_used=1662Kb free=4235Kb
 bounds [0x000002632d460000, 0x000002632d6d0000, 0x000002632da00000]
CodeCache: size=245760Kb, used=52996Kb, max_used=81723Kb, free=192761Kb
 total_blobs=14784, nmethods=13939, adapters=743, full_count=0
Compilation: enabled, stopped_count=0, restarted_count=0

Compilation events (20 events):
Event: 24927.006 Thread 0x0000026322cdd330 26088       3       org.eclipse.jdt.internal.compiler.ast.ArrayTypeReference::getTypeBinding (49 bytes)
Event: 24927.007 Thread 0x0000026322cdd330 nmethod 26088 0x0000026326b1da10 code [0x0000026326b1dc00, 0x0000026326b1e140]
Event: 24927.007 Thread 0x0000026322cdd330 26089       3       org.eclipse.jdt.internal.compiler.ast.ArrayTypeReference$$Lambda/0x000002633b78e700::<init> (10 bytes)
Event: 24927.007 Thread 0x0000026322cdd330 nmethod 26089 0x00000263263cd710 code [0x00000263263cd8c0, 0x00000263263cda48]
Event: 24927.023 Thread 0x0000026322ca0840 26090       4       sun.util.calendar.ZoneInfo::getOffsets (342 bytes)
Event: 24927.030 Thread 0x0000026322ca0840 nmethod 26090 0x000002632e860190 code [0x000002632e860340, 0x000002632e8607e8]
Event: 24927.102 Thread 0x0000026322ca0840 26091       4       com.google.common.base.Equivalence$Identity::doHash (5 bytes)
Event: 24927.103 Thread 0x0000026322ca0840 nmethod 26091 0x000002632dc13790 code [0x000002632dc13920, 0x000002632dc13a00]
Event: 25220.358 Thread 0x0000026322cdd330 26092       3       org.eclipse.core.internal.resources.SaveManager$1::<init> (38 bytes)
Event: 25220.358 Thread 0x0000026322cdd330 nmethod 26092 0x0000026326abd590 code [0x0000026326abd740, 0x0000026326abd918]
Event: 25220.358 Thread 0x0000026322cdd330 26094       3       com.sun.org.apache.xerces.internal.impl.dtd.XMLDTDProcessor::getFeatureDefault (36 bytes)
Event: 25220.358 Thread 0x0000026322cdd330 nmethod 26094 0x0000026326c91b90 code [0x0000026326c91d60, 0x0000026326c91ff0]
Event: 25220.358 Thread 0x0000026322cdd330 26093       3       org.eclipse.core.internal.resources.SaveManager$1::run (20 bytes)
Event: 25220.359 Thread 0x0000026322cdd330 nmethod 26093 0x00000263270a9e90 code [0x00000263270aa040, 0x00000263270aa1b0]
Event: 25220.359 Thread 0x0000026322cdd330 26095       3       jdk.internal.module.ServicesCatalog::findServices (17 bytes)
Event: 25220.359 Thread 0x0000026322cdd330 nmethod 26095 0x0000026326fbee10 code [0x0000026326fbefe0, 0x0000026326fbf328]
Event: 25220.361 Thread 0x0000026322ca0840 26096       4       org.eclipse.jdt.internal.core.JavaModelManager$VariablesAndContainersSaveHelper::saveAttributes (86 bytes)
Event: 25220.382 Thread 0x0000026322ca0840 nmethod 26096 0x000002632e89ec10 code [0x000002632e89ef00, 0x000002632e8a0058]
Event: 25220.382 Thread 0x0000026322ca0840 26097 %     4       org.eclipse.jdt.internal.launching.environments.ExecutionEnvironment::addRules @ 78 (112 bytes)
Event: 25220.402 Thread 0x0000026322ca0840 nmethod 26097% 0x000002632ea45a10 code [0x000002632ea45ca0, 0x000002632ea47178]

GC Heap History (20 events):
Event: 24927.032 GC heap before
{Heap before GC invocations=6328 (full 8):
 PSYoungGen      total 3584K, used 3570K [0x00000000d5580000, 0x00000000d5b80000, 0x0000000100000000)
  eden space 3072K, 100% used [0x00000000d5580000,0x00000000d5880000,0x00000000d5880000)
  from space 512K, 97% used [0x00000000d5a00000,0x00000000d5a7cb20,0x00000000d5a80000)
  to   space 1536K, 0% used [0x00000000d5880000,0x00000000d5880000,0x00000000d5a00000)
 ParOldGen       total 398848K, used 398449K [0x0000000080000000, 0x0000000098580000, 0x00000000d5580000)
  object space 398848K, 99% used [0x0000000080000000,0x000000009851c7d8,0x0000000098580000)
 Metaspace       used 84423K, committed 86080K, reserved 1179648K
  class space    used 8172K, committed 8896K, reserved 1048576K
}
Event: 24927.034 GC heap after
{Heap after GC invocations=6328 (full 8):
 PSYoungGen      total 4608K, used 1536K [0x00000000d5580000, 0x00000000d6080000, 0x0000000100000000)
  eden space 3072K, 0% used [0x00000000d5580000,0x00000000d5580000,0x00000000d5880000)
  from space 1536K, 100% used [0x00000000d5880000,0x00000000d5a00000,0x00000000d5a00000)
  to   space 3584K, 0% used [0x00000000d5d00000,0x00000000d5d00000,0x00000000d6080000)
 ParOldGen       total 399872K, used 399792K [0x0000000080000000, 0x0000000098680000, 0x00000000d5580000)
  object space 399872K, 99% used [0x0000000080000000,0x000000009866c308,0x0000000098680000)
 Metaspace       used 84423K, committed 86080K, reserved 1179648K
  class space    used 8172K, committed 8896K, reserved 1048576K
}
Event: 24927.042 GC heap before
{Heap before GC invocations=6329 (full 8):
 PSYoungGen      total 4608K, used 4608K [0x00000000d5580000, 0x00000000d6080000, 0x0000000100000000)
  eden space 3072K, 100% used [0x00000000d5580000,0x00000000d5880000,0x00000000d5880000)
  from space 1536K, 100% used [0x00000000d5880000,0x00000000d5a00000,0x00000000d5a00000)
  to   space 3584K, 0% used [0x00000000d5d00000,0x00000000d5d00000,0x00000000d6080000)
 ParOldGen       total 399872K, used 399792K [0x0000000080000000, 0x0000000098680000, 0x00000000d5580000)
  object space 399872K, 99% used [0x0000000080000000,0x000000009866c308,0x0000000098680000)
 Metaspace       used 84423K, committed 86080K, reserved 1179648K
  class space    used 8172K, committed 8896K, reserved 1048576K
}
Event: 24927.045 GC heap after
{Heap after GC invocations=6329 (full 8):
 PSYoungGen      total 7680K, used 3040K [0x00000000d5580000, 0x00000000d6080000, 0x0000000100000000)
  eden space 4096K, 0% used [0x00000000d5580000,0x00000000d5580000,0x00000000d5980000)
  from space 3584K, 84% used [0x00000000d5d00000,0x00000000d5ff8000,0x00000000d6080000)
  to   space 3584K, 0% used [0x00000000d5980000,0x00000000d5980000,0x00000000d5d00000)
 ParOldGen       total 401408K, used 401372K [0x0000000080000000, 0x0000000098800000, 0x00000000d5580000)
  object space 401408K, 99% used [0x0000000080000000,0x00000000987f7318,0x0000000098800000)
 Metaspace       used 84423K, committed 86080K, reserved 1179648K
  class space    used 8172K, committed 8896K, reserved 1048576K
}
Event: 24927.064 GC heap before
{Heap before GC invocations=6330 (full 8):
 PSYoungGen      total 7680K, used 7136K [0x00000000d5580000, 0x00000000d6080000, 0x0000000100000000)
  eden space 4096K, 100% used [0x00000000d5580000,0x00000000d5980000,0x00000000d5980000)
  from space 3584K, 84% used [0x00000000d5d00000,0x00000000d5ff8000,0x00000000d6080000)
  to   space 3584K, 0% used [0x00000000d5980000,0x00000000d5980000,0x00000000d5d00000)
 ParOldGen       total 401408K, used 401372K [0x0000000080000000, 0x0000000098800000, 0x00000000d5580000)
  object space 401408K, 99% used [0x0000000080000000,0x00000000987f7318,0x0000000098800000)
 Metaspace       used 84423K, committed 86080K, reserved 1179648K
  class space    used 8172K, committed 8896K, reserved 1048576K
}
Event: 24927.070 GC heap after
{Heap after GC invocations=6330 (full 8):
 PSYoungGen      total 7680K, used 3240K [0x00000000d5580000, 0x00000000d6180000, 0x0000000100000000)
  eden space 4096K, 0% used [0x00000000d5580000,0x00000000d5580000,0x00000000d5980000)
  from space 3584K, 90% used [0x00000000d5980000,0x00000000d5caa000,0x00000000d5d00000)
  to   space 3584K, 0% used [0x00000000d5e00000,0x00000000d5e00000,0x00000000d6180000)
 ParOldGen       total 404480K, used 404324K [0x0000000080000000, 0x0000000098b00000, 0x00000000d5580000)
  object space 404480K, 99% used [0x0000000080000000,0x0000000098ad9318,0x0000000098b00000)
 Metaspace       used 84423K, committed 86080K, reserved 1179648K
  class space    used 8172K, committed 8896K, reserved 1048576K
}
Event: 24927.124 GC heap before
{Heap before GC invocations=6331 (full 8):
 PSYoungGen      total 7680K, used 7001K [0x00000000d5580000, 0x00000000d6180000, 0x0000000100000000)
  eden space 4096K, 91% used [0x00000000d5580000,0x00000000d592c7d8,0x00000000d5980000)
  from space 3584K, 90% used [0x00000000d5980000,0x00000000d5caa000,0x00000000d5d00000)
  to   space 3584K, 0% used [0x00000000d5e00000,0x00000000d5e00000,0x00000000d6180000)
 ParOldGen       total 404480K, used 404324K [0x0000000080000000, 0x0000000098b00000, 0x00000000d5580000)
  object space 404480K, 99% used [0x0000000080000000,0x0000000098ad9318,0x0000000098b00000)
 Metaspace       used 84423K, committed 86080K, reserved 1179648K
  class space    used 8172K, committed 8896K, reserved 1048576K
}
Event: 24927.129 GC heap after
{Heap after GC invocations=6331 (full 8):
 PSYoungGen      total 6656K, used 2103K [0x00000000d5580000, 0x00000000d6080000, 0x0000000100000000)
  eden space 4096K, 0% used [0x00000000d5580000,0x00000000d5580000,0x00000000d5980000)
  from space 2560K, 82% used [0x00000000d5e00000,0x00000000d600dd90,0x00000000d6080000)
  to   space 2560K, 0% used [0x00000000d5b80000,0x00000000d5b80000,0x00000000d5e00000)
 ParOldGen       total 407040K, used 406892K [0x0000000080000000, 0x0000000098d80000, 0x00000000d5580000)
  object space 407040K, 99% used [0x0000000080000000,0x0000000098d5b318,0x0000000098d80000)
 Metaspace       used 84423K, committed 86080K, reserved 1179648K
  class space    used 8172K, committed 8896K, reserved 1048576K
}
Event: 24927.142 GC heap before
{Heap before GC invocations=6332 (full 8):
 PSYoungGen      total 6656K, used 5905K [0x00000000d5580000, 0x00000000d6080000, 0x0000000100000000)
  eden space 4096K, 92% used [0x00000000d5580000,0x00000000d5936858,0x00000000d5980000)
  from space 2560K, 82% used [0x00000000d5e00000,0x00000000d600dd90,0x00000000d6080000)
  to   space 2560K, 0% used [0x00000000d5b80000,0x00000000d5b80000,0x00000000d5e00000)
 ParOldGen       total 407040K, used 406892K [0x0000000080000000, 0x0000000098d80000, 0x00000000d5580000)
  object space 407040K, 99% used [0x0000000080000000,0x0000000098d5b318,0x0000000098d80000)
 Metaspace       used 84423K, committed 86080K, reserved 1179648K
  class space    used 8172K, committed 8896K, reserved 1048576K
}
Event: 24927.145 GC heap after
{Heap after GC invocations=6332 (full 8):
 PSYoungGen      total 6656K, used 2537K [0x00000000d5580000, 0x00000000d6480000, 0x0000000100000000)
  eden space 4096K, 0% used [0x00000000d5580000,0x00000000d5580000,0x00000000d5980000)
  from space 2560K, 99% used [0x00000000d5b80000,0x00000000d5dfa7b8,0x00000000d5e00000)
  to   space 5632K, 0% used [0x00000000d5f00000,0x00000000d5f00000,0x00000000d6480000)
 ParOldGen       total 409600K, used 409266K [0x0000000080000000, 0x0000000099000000, 0x00000000d5580000)
  object space 409600K, 99% used [0x0000000080000000,0x0000000098faca48,0x0000000099000000)
 Metaspace       used 84423K, committed 86080K, reserved 1179648K
  class space    used 8172K, committed 8896K, reserved 1048576K
}
Event: 24927.164 GC heap before
{Heap before GC invocations=6333 (full 8):
 PSYoungGen      total 6656K, used 6633K [0x00000000d5580000, 0x00000000d6480000, 0x0000000100000000)
  eden space 4096K, 100% used [0x00000000d5580000,0x00000000d5980000,0x00000000d5980000)
  from space 2560K, 99% used [0x00000000d5b80000,0x00000000d5dfa7b8,0x00000000d5e00000)
  to   space 5632K, 0% used [0x00000000d5f00000,0x00000000d5f00000,0x00000000d6480000)
 ParOldGen       total 409600K, used 409266K [0x0000000080000000, 0x0000000099000000, 0x00000000d5580000)
  object space 409600K, 99% used [0x0000000080000000,0x0000000098faca48,0x0000000099000000)
 Metaspace       used 84423K, committed 86080K, reserved 1179648K
  class space    used 8172K, committed 8896K, reserved 1048576K
}
Event: 24927.167 GC heap after
{Heap after GC invocations=6333 (full 8):
 PSYoungGen      total 7168K, used 2882K [0x00000000d5580000, 0x00000000d6200000, 0x0000000100000000)
  eden space 4096K, 0% used [0x00000000d5580000,0x00000000d5580000,0x00000000d5980000)
  from space 3072K, 93% used [0x00000000d5f00000,0x00000000d61d0870,0x00000000d6200000)
  to   space 4096K, 0% used [0x00000000d5a00000,0x00000000d5a00000,0x00000000d5e00000)
 ParOldGen       total 412160K, used 411673K [0x0000000080000000, 0x0000000099280000, 0x00000000d5580000)
  object space 412160K, 99% used [0x0000000080000000,0x00000000992067b0,0x0000000099280000)
 Metaspace       used 84423K, committed 86080K, reserved 1179648K
  class space    used 8172K, committed 8896K, reserved 1048576K
}
Event: 24927.191 GC heap before
{Heap before GC invocations=6334 (full 8):
 PSYoungGen      total 7168K, used 6978K [0x00000000d5580000, 0x00000000d6200000, 0x0000000100000000)
  eden space 4096K, 100% used [0x00000000d5580000,0x00000000d5980000,0x00000000d5980000)
  from space 3072K, 93% used [0x00000000d5f00000,0x00000000d61d0870,0x00000000d6200000)
  to   space 4096K, 0% used [0x00000000d5a00000,0x00000000d5a00000,0x00000000d5e00000)
 ParOldGen       total 412160K, used 411673K [0x0000000080000000, 0x0000000099280000, 0x00000000d5580000)
  object space 412160K, 99% used [0x0000000080000000,0x00000000992067b0,0x0000000099280000)
 Metaspace       used 84423K, committed 86080K, reserved 1179648K
  class space    used 8172K, committed 8896K, reserved 1048576K
}
Event: 24927.194 GC heap after
{Heap after GC invocations=6334 (full 8):
 PSYoungGen      total 7168K, used 2903K [0x00000000d5580000, 0x00000000d5f80000, 0x0000000100000000)
  eden space 4096K, 0% used [0x00000000d5580000,0x00000000d5580000,0x00000000d5980000)
  from space 3072K, 94% used [0x00000000d5a00000,0x00000000d5cd5cb0,0x00000000d5d00000)
  to   space 2560K, 0% used [0x00000000d5d00000,0x00000000d5d00000,0x00000000d5f80000)
 ParOldGen       total 414720K, used 414372K [0x0000000080000000, 0x0000000099500000, 0x00000000d5580000)
  object space 414720K, 99% used [0x0000000080000000,0x00000000994a9028,0x0000000099500000)
 Metaspace       used 84423K, committed 86080K, reserved 1179648K
  class space    used 8172K, committed 8896K, reserved 1048576K
}
Event: 24927.222 GC heap before
{Heap before GC invocations=6335 (full 8):
 PSYoungGen      total 7168K, used 6999K [0x00000000d5580000, 0x00000000d5f80000, 0x0000000100000000)
  eden space 4096K, 100% used [0x00000000d5580000,0x00000000d5980000,0x00000000d5980000)
  from space 3072K, 94% used [0x00000000d5a00000,0x00000000d5cd5cb0,0x00000000d5d00000)
  to   space 2560K, 0% used [0x00000000d5d00000,0x00000000d5d00000,0x00000000d5f80000)
 ParOldGen       total 414720K, used 414372K [0x0000000080000000, 0x0000000099500000, 0x00000000d5580000)
  object space 414720K, 99% used [0x0000000080000000,0x00000000994a9028,0x0000000099500000)
 Metaspace       used 84423K, committed 86080K, reserved 1179648K
  class space    used 8172K, committed 8896K, reserved 1048576K
}
Event: 24927.224 GC heap after
{Heap after GC invocations=6335 (full 8):
 PSYoungGen      total 6144K, used 1593K [0x00000000d5580000, 0x00000000d5f00000, 0x0000000100000000)
  eden space 4096K, 0% used [0x00000000d5580000,0x00000000d5580000,0x00000000d5980000)
  from space 2048K, 77% used [0x00000000d5d00000,0x00000000d5e8e638,0x00000000d5f00000)
  to   space 2560K, 0% used [0x00000000d5a00000,0x00000000d5a00000,0x00000000d5c80000)
 ParOldGen       total 417280K, used 417107K [0x0000000080000000, 0x0000000099780000, 0x00000000d5580000)
  object space 417280K, 99% used [0x0000000080000000,0x0000000099754ea0,0x0000000099780000)
 Metaspace       used 84423K, committed 86080K, reserved 1179648K
  class space    used 8172K, committed 8896K, reserved 1048576K
}
Event: 24927.280 GC heap before
{Heap before GC invocations=6336 (full 8):
 PSYoungGen      total 6144K, used 5689K [0x00000000d5580000, 0x00000000d5f00000, 0x0000000100000000)
  eden space 4096K, 100% used [0x00000000d5580000,0x00000000d5980000,0x00000000d5980000)
  from space 2048K, 77% used [0x00000000d5d00000,0x00000000d5e8e638,0x00000000d5f00000)
  to   space 2560K, 0% used [0x00000000d5a00000,0x00000000d5a00000,0x00000000d5c80000)
 ParOldGen       total 417280K, used 417107K [0x0000000080000000, 0x0000000099780000, 0x00000000d5580000)
  object space 417280K, 99% used [0x0000000080000000,0x0000000099754ea0,0x0000000099780000)
 Metaspace       used 84423K, committed 86080K, reserved 1179648K
  class space    used 8172K, committed 8896K, reserved 1048576K
}
Event: 24927.282 GC heap after
{Heap after GC invocations=6336 (full 8):
 PSYoungGen      total 6656K, used 416K [0x00000000d5580000, 0x00000000d5d80000, 0x0000000100000000)
  eden space 4096K, 0% used [0x00000000d5580000,0x00000000d5580000,0x00000000d5980000)
  from space 2560K, 16% used [0x00000000d5a00000,0x00000000d5a68000,0x00000000d5c80000)
  to   space 1024K, 0% used [0x00000000d5c80000,0x00000000d5c80000,0x00000000d5d80000)
 ParOldGen       total 418304K, used 417794K [0x0000000080000000, 0x0000000099880000, 0x00000000d5580000)
  object space 418304K, 99% used [0x0000000080000000,0x0000000099800b38,0x0000000099880000)
 Metaspace       used 84423K, committed 86080K, reserved 1179648K
  class space    used 8172K, committed 8896K, reserved 1048576K
}
Event: 25220.523 GC heap before
{Heap before GC invocations=6337 (full 8):
 PSYoungGen      total 6656K, used 4512K [0x00000000d5580000, 0x00000000d5d80000, 0x0000000100000000)
  eden space 4096K, 100% used [0x00000000d5580000,0x00000000d5980000,0x00000000d5980000)
  from space 2560K, 16% used [0x00000000d5a00000,0x00000000d5a68000,0x00000000d5c80000)
  to   space 1024K, 0% used [0x00000000d5c80000,0x00000000d5c80000,0x00000000d5d80000)
 ParOldGen       total 418304K, used 417794K [0x0000000080000000, 0x0000000099880000, 0x00000000d5580000)
  object space 418304K, 99% used [0x0000000080000000,0x0000000099800b38,0x0000000099880000)
 Metaspace       used 84426K, committed 86080K, reserved 1179648K
  class space    used 8172K, committed 8896K, reserved 1048576K
}
Event: 25220.525 GC heap after
{Heap after GC invocations=6337 (full 8):
 PSYoungGen      total 4608K, used 224K [0x00000000d5580000, 0x00000000d5d00000, 0x0000000100000000)
  eden space 4096K, 0% used [0x00000000d5580000,0x00000000d5580000,0x00000000d5980000)
  from space 512K, 43% used [0x00000000d5c80000,0x00000000d5cb8000,0x00000000d5d00000)
  to   space 512K, 0% used [0x00000000d5c00000,0x00000000d5c00000,0x00000000d5c80000)
 ParOldGen       total 418304K, used 418004K [0x0000000080000000, 0x0000000099880000, 0x00000000d5580000)
  object space 418304K, 99% used [0x0000000080000000,0x0000000099835150,0x0000000099880000)
 Metaspace       used 84426K, committed 86080K, reserved 1179648K
  class space    used 8172K, committed 8896K, reserved 1048576K
}

Dll operation events (12 events):
Event: 0.081 Loaded shared library c:\Users\Administrator\.trae-cn\extensions\redhat.java-1.52.0-win32-x64\jre\21.0.9-win32-x86_64\bin\java.dll
Event: 0.201 Loaded shared library c:\Users\Administrator\.trae-cn\extensions\redhat.java-1.52.0-win32-x64\jre\21.0.9-win32-x86_64\bin\zip.dll
Event: 0.386 Loaded shared library C:\Users\Administrator\.trae-cn\extensions\redhat.java-1.52.0-win32-x64\jre\21.0.9-win32-x86_64\bin\instrument.dll
Event: 0.399 Loaded shared library C:\Users\Administrator\.trae-cn\extensions\redhat.java-1.52.0-win32-x64\jre\21.0.9-win32-x86_64\bin\net.dll
Event: 0.474 Loaded shared library C:\Users\Administrator\.trae-cn\extensions\redhat.java-1.52.0-win32-x64\jre\21.0.9-win32-x86_64\bin\nio.dll
Event: 0.483 Loaded shared library C:\Users\Administrator\.trae-cn\extensions\redhat.java-1.52.0-win32-x64\jre\21.0.9-win32-x86_64\bin\zip.dll
Event: 0.510 Loaded shared library C:\Users\Administrator\.trae-cn\extensions\redhat.java-1.52.0-win32-x64\jre\21.0.9-win32-x86_64\bin\jimage.dll
Event: 0.775 Loaded shared library c:\Users\Administrator\.trae-cn\extensions\redhat.java-1.52.0-win32-x64\jre\21.0.9-win32-x86_64\bin\verify.dll
Event: 3.034 Loaded shared library C:\Users\Administrator\AppData\Roaming\Trae CN\User\globalStorage\redhat.java\1.52.0\config_win\org.eclipse.equinox.launcher\org.eclipse.equinox.launcher.win32.win32.x86_64_1.2.1500.v20260121-1430\eclipse_11919.dll
Event: 6.339 Loaded shared library C:\Users\Administrator\AppData\Local\Temp\jna-146731693\jna7842035423249746160.dll
Event: 10.888 Loaded shared library C:\Users\Administrator\.trae-cn\extensions\redhat.java-1.52.0-win32-x64\jre\21.0.9-win32-x86_64\bin\sunmscapi.dll
Event: 11.775 Loaded shared library C:\Users\Administrator\.trae-cn\extensions\redhat.java-1.52.0-win32-x64\jre\21.0.9-win32-x86_64\bin\extnet.dll

Deoptimization events (20 events):
Event: 24636.538 Thread 0x0000026304473830 DEOPT PACKING pc=0x000002632e469170 sp=0x00000080239fe7c0
Event: 24636.538 Thread 0x0000026304473830 DEOPT UNPACKING pc=0x000002632d4b3aa2 sp=0x00000080239fe5f0 mode 2
Event: 24648.632 Thread 0x0000026304470a40 Uncommon trap: trap_request=0xffffffcc fr.pc=0x000002632db7c480 relative=0x0000000000000200
Event: 24648.632 Thread 0x0000026304470a40 Uncommon trap: reason=intrinsic_or_type_checked_inlining action=make_not_entrant pc=0x000002632db7c480 method=java.util.stream.SpinedBuffer.copyInto([Ljava/lang/Object;I)V @ 51 c2
Event: 24648.632 Thread 0x0000026304470a40 DEOPT PACKING pc=0x000002632db7c480 sp=0x00000080217feab0
Event: 24648.632 Thread 0x0000026304470a40 DEOPT UNPACKING pc=0x000002632d4b3aa2 sp=0x00000080217fe8e8 mode 2
Event: 24648.633 Thread 0x0000026304470a40 Uncommon trap: trap_request=0xffffffcc fr.pc=0x000002632dbf7c04 relative=0x0000000000000204
Event: 24648.633 Thread 0x0000026304470a40 Uncommon trap: reason=intrinsic_or_type_checked_inlining action=make_not_entrant pc=0x000002632dbf7c04 method=java.util.stream.SpinedBuffer.copyInto([Ljava/lang/Object;I)V @ 51 c2
Event: 24648.633 Thread 0x0000026304470a40 DEOPT PACKING pc=0x000002632dbf7c04 sp=0x00000080217fe650
Event: 24648.633 Thread 0x0000026304470a40 DEOPT UNPACKING pc=0x000002632d4b3aa2 sp=0x00000080217fe500 mode 2
Event: 24734.066 Thread 0x0000026304b5c810 DEOPT PACKING pc=0x0000026327bd3955 sp=0x0000008024afdec0
Event: 24734.066 Thread 0x0000026304b5c810 DEOPT UNPACKING pc=0x000002632d4b4242 sp=0x0000008024afd3d0 mode 0
Event: 24920.623 Thread 0x000002630446fd20 Uncommon trap: trap_request=0xffffff6e fr.pc=0x000002632de24904 relative=0x00000000000006a4
Event: 24920.623 Thread 0x000002630446fd20 Uncommon trap: reason=loop_limit_check action=maybe_recompile pc=0x000002632de24904 method=org.eclipse.jdt.internal.core.util.HashSetOfArray.rehash()V @ 44 c2
Event: 24920.623 Thread 0x000002630446fd20 DEOPT PACKING pc=0x000002632de24904 sp=0x00000080215fe120
Event: 24920.623 Thread 0x000002630446fd20 DEOPT UNPACKING pc=0x000002632d4b3aa2 sp=0x00000080215fe0e0 mode 2
Event: 24926.598 Thread 0x0000026304474550 Uncommon trap: trap_request=0xffffffde fr.pc=0x000002632e6cfd00 relative=0x0000000000002ee0
Event: 24926.598 Thread 0x0000026304474550 Uncommon trap: reason=class_check action=maybe_recompile pc=0x000002632e6cfd00 method=org.eclipse.jdt.internal.core.JavaModelCache.peekAtInfo(Lorg/eclipse/jdt/core/IJavaElement;)Lorg/eclipse/jdt/internal/compiler/env/IElementInfo; @ 106 c2
Event: 24926.598 Thread 0x0000026304474550 DEOPT PACKING pc=0x000002632e6cfd00 sp=0x00000080216feab0
Event: 24926.598 Thread 0x0000026304474550 DEOPT UNPACKING pc=0x000002632d4b3aa2 sp=0x00000080216fea10 mode 2

Classes loaded (20 events):
Event: 20710.456 Loading class java/lang/Throwable$WrappedPrintWriter
Event: 20710.456 Loading class java/lang/Throwable$PrintStreamOrWriter
Event: 20710.456 Loading class java/lang/Throwable$PrintStreamOrWriter done
Event: 20710.456 Loading class java/lang/Throwable$WrappedPrintWriter done
Event: 20939.883 Loading class java/nio/channels/CompletionHandler
Event: 20939.883 Loading class java/nio/channels/CompletionHandler done
Event: 21468.574 Loading class javax/xml/transform/TransformerConfigurationException
Event: 21468.574 Loading class javax/xml/transform/TransformerConfigurationException done
Event: 21468.650 Loading class java/util/LinkedList$LLSpliterator
Event: 21468.650 Loading class java/util/LinkedList$LLSpliterator done
Event: 21665.878 Loading class java/util/concurrent/ConcurrentHashMap$KeySpliterator
Event: 21665.890 Loading class java/util/concurrent/ConcurrentHashMap$KeySpliterator done
Event: 22504.286 Loading class jdk/internal/ref/CleanerImpl$InnocuousThreadFactory
Event: 22504.286 Loading class jdk/internal/ref/CleanerImpl$InnocuousThreadFactory done
Event: 22504.804 Loading class java/util/regex/Pattern$Behind
Event: 22504.805 Loading class java/util/regex/Pattern$Behind done
Event: 22504.805 Loading class java/util/regex/Pattern$Neg
Event: 22504.805 Loading class java/util/regex/Pattern$Neg done
Event: 22699.094 Loading class java/util/DualPivotQuicksort$Sorter
Event: 22699.094 Loading class java/util/DualPivotQuicksort$Sorter done

Classes unloaded (20 events):
Event: 20691.691 Thread 0x0000026322de6930 Unloading class 0x000002633b00c000 'java/lang/invoke/LambdaForm$DMH+0x000002633b00c000'
Event: 20691.691 Thread 0x0000026322de6930 Unloading class 0x000002633b008c00 'java/lang/invoke/LambdaForm$MH+0x000002633b008c00'
Event: 20691.691 Thread 0x0000026322de6930 Unloading class 0x000002633b008800 'java/lang/invoke/LambdaForm$MH+0x000002633b008800'
Event: 20691.691 Thread 0x0000026322de6930 Unloading class 0x000002633b008400 'java/lang/invoke/LambdaForm$MH+0x000002633b008400'
Event: 20691.691 Thread 0x0000026322de6930 Unloading class 0x000002633b007000 'java/lang/invoke/LambdaForm$MH+0x000002633b007000'
Event: 20691.691 Thread 0x0000026322de6930 Unloading class 0x000002633b006c00 'java/lang/invoke/LambdaForm$MH+0x000002633b006c00'
Event: 20691.691 Thread 0x0000026322de6930 Unloading class 0x000002633b006800 'java/lang/invoke/LambdaForm$MH+0x000002633b006800'
Event: 20691.691 Thread 0x0000026322de6930 Unloading class 0x000002633b006400 'java/lang/invoke/LambdaForm$MH+0x000002633b006400'
Event: 20691.691 Thread 0x0000026322de6930 Unloading class 0x000002633b005c00 'java/lang/invoke/LambdaForm$BMH+0x000002633b005c00'
Event: 20691.691 Thread 0x0000026322de6930 Unloading class 0x000002633b004800 'java/lang/invoke/LambdaForm$DMH+0x000002633b004800'
Event: 20691.691 Thread 0x0000026322de6930 Unloading class 0x000002633b002400 'java/lang/invoke/LambdaForm$MH+0x000002633b002400'
Event: 20691.691 Thread 0x0000026322de6930 Unloading class 0x000002633b002000 'java/lang/invoke/LambdaForm$MH+0x000002633b002000'
Event: 20691.691 Thread 0x0000026322de6930 Unloading class 0x000002633b001800 'java/lang/invoke/LambdaForm$MH+0x000002633b001800'
Event: 20691.691 Thread 0x0000026322de6930 Unloading class 0x000002633b000400 'java/lang/invoke/LambdaForm$MH+0x000002633b000400'
Event: 22680.611 Thread 0x0000026322de6930 Unloading class 0x000002633b6f8800 'java/lang/invoke/LambdaForm$MH+0x000002633b6f8800'
Event: 22680.611 Thread 0x0000026322de6930 Unloading class 0x000002633b6f9400 'java/lang/invoke/LambdaForm$MH+0x000002633b6f9400'
Event: 22680.611 Thread 0x0000026322de6930 Unloading class 0x000002633b70a000 'java/lang/invoke/LambdaForm$MH+0x000002633b70a000'
Event: 22680.611 Thread 0x0000026322de6930 Unloading class 0x000002633b70ac00 'java/lang/invoke/LambdaForm$MH+0x000002633b70ac00'
Event: 22680.611 Thread 0x0000026322de6930 Unloading class 0x000002633b711400 'java/lang/invoke/LambdaForm$MH+0x000002633b711400'
Event: 22680.611 Thread 0x0000026322de6930 Unloading class 0x000002633b719800 'java/lang/invoke/LambdaForm$MH+0x000002633b719800'

Classes redefined (0 events):
No events

Internal exceptions (20 events):
Event: 22701.184 Thread 0x00000263058c41e0 Exception <a 'sun/nio/fs/WindowsException'{0x00000000d562ec68}> (0x00000000d562ec68) 
thrown [s\src\hotspot\share\prims\jni.cpp, line 520]
Event: 22701.186 Thread 0x00000263058c41e0 Exception <a 'sun/nio/fs/WindowsException'{0x00000000d56309f8}> (0x00000000d56309f8) 
thrown [s\src\hotspot\share\prims\jni.cpp, line 520]
Event: 22701.193 Thread 0x00000263058c41e0 Exception <a 'sun/nio/fs/WindowsException'{0x00000000d5632478}> (0x00000000d5632478) 
thrown [s\src\hotspot\share\prims\jni.cpp, line 520]
Event: 22701.195 Thread 0x00000263058c41e0 Exception <a 'sun/nio/fs/WindowsException'{0x00000000d5634078}> (0x00000000d5634078) 
thrown [s\src\hotspot\share\prims\jni.cpp, line 520]
Event: 22701.196 Thread 0x00000263058c41e0 Exception <a 'sun/nio/fs/WindowsException'{0x00000000d5635d08}> (0x00000000d5635d08) 
thrown [s\src\hotspot\share\prims\jni.cpp, line 520]
Event: 22701.199 Thread 0x00000263058c41e0 Exception <a 'sun/nio/fs/WindowsException'{0x00000000d5637788}> (0x00000000d5637788) 
thrown [s\src\hotspot\share\prims\jni.cpp, line 520]
Event: 22701.200 Thread 0x00000263058c41e0 Exception <a 'sun/nio/fs/WindowsException'{0x00000000d5639088}> (0x00000000d5639088) 
thrown [s\src\hotspot\share\prims\jni.cpp, line 520]
Event: 22701.202 Thread 0x00000263058c41e0 Exception <a 'sun/nio/fs/WindowsException'{0x00000000d563ac48}> (0x00000000d563ac48) 
thrown [s\src\hotspot\share\prims\jni.cpp, line 520]
Event: 22705.130 Thread 0x000002637d8f6550 Exception <a 'sun/nio/fs/WindowsException'{0x00000000d56eed68}> (0x00000000d56eed68) 
thrown [s\src\hotspot\share\prims\jni.cpp, line 520]
Event: 22706.300 Thread 0x000002637d8f6550 Exception <a 'sun/nio/fs/WindowsException'{0x00000000d55f31d0}> (0x00000000d55f31d0) 
thrown [s\src\hotspot\share\prims\jni.cpp, line 520]
Event: 24609.337 Thread 0x0000026304b5c810 Exception <a 'java/lang/IncompatibleClassChangeError'{0x00000000d5601a30}: Found class java.lang.Object, but interface was expected> (0x00000000d5601a30) 
thrown [s\src\hotspot\share\interpreter\linkResolver.cpp, line 840]
Event: 24609.344 Thread 0x0000026304470a40 Implicit null exception at 0x000002632f41a3e0 to 0x000002632f41a464
Event: 24609.352 Thread 0x0000026304470a40 Implicit null exception at 0x000002632f24ab6f to 0x000002632f24af70
Event: 24609.382 Thread 0x0000026304470a40 Implicit null exception at 0x000002632f31ca78 to 0x000002632f31dbe0
Event: 24609.496 Thread 0x0000026304470a40 Implicit null exception at 0x000002632dcffdc9 to 0x000002632dcfff5c
Event: 24609.506 Thread 0x0000026304470a40 Implicit null exception at 0x000002632e9220a9 to 0x000002632e9225dc
Event: 24920.811 Thread 0x000002637d8f6550 Exception <a 'sun/nio/fs/WindowsException'{0x00000000d564b6d0}> (0x00000000d564b6d0) 
thrown [s\src\hotspot\share\prims\jni.cpp, line 520]
Event: 24921.951 Thread 0x000002637d8f6550 Exception <a 'sun/nio/fs/WindowsException'{0x00000000d56d0788}> (0x00000000d56d0788) 
thrown [s\src\hotspot\share\prims\jni.cpp, line 520]
Event: 24926.862 Thread 0x000002637d8f6550 Exception <a 'sun/nio/fs/WindowsException'{0x00000000d57a1698}> (0x00000000d57a1698) 
thrown [s\src\hotspot\share\prims\jni.cpp, line 520]
Event: 24927.117 Thread 0x000002637d8f6550 Exception <a 'sun/nio/fs/WindowsException'{0x00000000d57628c0}> (0x00000000d57628c0) 
thrown [s\src\hotspot\share\prims\jni.cpp, line 520]

ZGC Phase Switch (0 events):
No events

VM Operations (20 events):
Event: 24927.142 Executing VM operation: ParallelGCFailedAllocation (Allocation Failure)
Event: 24927.145 Executing VM operation: ParallelGCFailedAllocation (Allocation Failure) done
Event: 24927.164 Executing VM operation: ParallelGCFailedAllocation (Allocation Failure)
Event: 24927.167 Executing VM operation: ParallelGCFailedAllocation (Allocation Failure) done
Event: 24927.191 Executing VM operation: ParallelGCFailedAllocation (Allocation Failure)
Event: 24927.194 Executing VM operation: ParallelGCFailedAllocation (Allocation Failure) done
Event: 24927.222 Executing VM operation: ParallelGCFailedAllocation (Allocation Failure)
Event: 24927.224 Executing VM operation: ParallelGCFailedAllocation (Allocation Failure) done
Event: 24927.280 Executing VM operation: ParallelGCFailedAllocation (Allocation Failure)
Event: 24927.282 Executing VM operation: ParallelGCFailedAllocation (Allocation Failure) done
Event: 24929.290 Executing VM operation: Cleanup
Event: 24929.290 Executing VM operation: Cleanup done
Event: 24956.620 Executing VM operation: HandshakeAllThreads (HandshakeForDeflation)
Event: 24956.620 Executing VM operation: HandshakeAllThreads (HandshakeForDeflation) done
Event: 24956.621 Executing VM operation: RendezvousGCThreads
Event: 24956.621 Executing VM operation: RendezvousGCThreads done
Event: 25220.503 Executing VM operation: Cleanup
Event: 25220.503 Executing VM operation: Cleanup done
Event: 25220.523 Executing VM operation: ParallelGCFailedAllocation (Allocation Failure)
Event: 25220.525 Executing VM operation: ParallelGCFailedAllocation (Allocation Failure) done

Memory protections (0 events):
No events

Nmethod flushes (20 events):
Event: 22699.946 Thread 0x0000026322de6930 flushing  nmethod 0x0000026328cd0c10
Event: 22699.946 Thread 0x0000026322de6930 flushing  nmethod 0x0000026328cd9490
Event: 22699.946 Thread 0x0000026322de6930 flushing  nmethod 0x0000026328ce8e10
Event: 22699.946 Thread 0x0000026322de6930 flushing  nmethod 0x0000026328cfb190
Event: 22699.946 Thread 0x0000026322de6930 flushing  nmethod 0x0000026328d5e810
Event: 22699.946 Thread 0x0000026322de6930 flushing  nmethod 0x0000026328d5ef10
Event: 22699.946 Thread 0x0000026322de6930 flushing  nmethod 0x0000026328def990
Event: 22699.946 Thread 0x0000026322de6930 flushing  nmethod 0x0000026328df3d10
Event: 22699.946 Thread 0x0000026322de6930 flushing  nmethod 0x0000026328ef3390
Event: 22699.946 Thread 0x0000026322de6930 flushing  nmethod 0x0000026328efc510
Event: 22699.946 Thread 0x0000026322de6930 flushing  nmethod 0x0000026328eff090
Event: 22699.946 Thread 0x0000026322de6930 flushing  nmethod 0x0000026328f55010
Event: 22699.946 Thread 0x0000026322de6930 flushing  nmethod 0x0000026328f6f290
Event: 22699.946 Thread 0x0000026322de6930 flushing  nmethod 0x0000026328f73090
Event: 22699.946 Thread 0x0000026322de6930 flushing  nmethod 0x0000026328f77f10
Event: 22699.946 Thread 0x0000026322de6930 flushing  nmethod 0x0000026328f8e010
Event: 22699.946 Thread 0x0000026322de6930 flushing  nmethod 0x0000026328fa1c90
Event: 22699.946 Thread 0x0000026322de6930 flushing  nmethod 0x0000026328faee90
Event: 22699.946 Thread 0x0000026322de6930 flushing  nmethod 0x0000026328fb5090
Event: 22699.946 Thread 0x0000026322de6930 flushing  nmethod 0x0000026328fc4010

Events (20 events):
Event: 24920.496 Thread 0x000002630446e970 Thread added: 0x0000026304473ec0
Event: 24920.566 Thread 0x000002630446e970 Thread added: 0x0000026304474be0
Event: 24926.841 Thread 0x0000026304473830 Thread added: 0x000002630446f690
Event: 24926.954 Thread 0x000002630446f690 Thread added: 0x0000026304470a40
Event: 24967.463 Thread 0x0000026304472480 Thread exited: 0x0000026304472480
Event: 24987.013 Thread 0x0000026304474be0 Thread exited: 0x0000026304474be0
Event: 24987.336 Thread 0x0000026304473830 Thread exited: 0x0000026304473830
Event: 24987.340 Thread 0x0000026304474550 Thread exited: 0x0000026304474550
Event: 25027.471 Thread 0x0000026304472b10 Thread exited: 0x0000026304472b10
Event: 25047.347 Thread 0x000002630446e970 Thread exited: 0x000002630446e970
Event: 25087.477 Thread 0x0000026304475270 Thread exited: 0x0000026304475270
Event: 25147.480 Thread 0x0000026304471760 Thread exited: 0x0000026304471760
Event: 25207.495 Thread 0x00000263044710d0 Thread exited: 0x00000263044710d0
Event: 25220.360 Thread 0x000002630446f690 Thread added: 0x0000026304471760
Event: 25220.360 Thread 0x0000026304471760 Thread exited: 0x0000026304471760
Event: 25220.364 Thread 0x000002630446f690 Thread added: 0x00000263044703b0
Event: 25220.365 Thread 0x00000263044703b0 Thread exited: 0x00000263044703b0
Event: 25220.528 Thread 0x0000026304473ec0 Thread exited: 0x0000026304473ec0
Event: 25226.964 Thread 0x0000026304470a40 Thread exited: 0x0000026304470a40
Event: 25267.495 Thread 0x00000263044731a0 Thread exited: 0x00000263044731a0


Dynamic libraries:
0x00007ff6a3c50000 - 0x00007ff6a3c5e000 	c:\Users\Administrator\.trae-cn\extensions\redhat.java-1.52.0-win32-x64\jre\21.0.9-win32-x86_64\bin\java.exe
0x00007ff982890000 - 0x00007ff982a88000 	C:\WINDOWS\SYSTEM32\ntdll.dll
0x00007ff980d50000 - 0x00007ff980e12000 	C:\WINDOWS\System32\KERNEL32.DLL
0x00007ff97ff20000 - 0x00007ff980216000 	C:\WINDOWS\System32\KERNELBASE.dll
0x00007ff9821f0000 - 0x00007ff9822a1000 	C:\WINDOWS\System32\ADVAPI32.DLL
0x00007ff980e20000 - 0x00007ff980ebe000 	C:\WINDOWS\System32\msvcrt.dll
0x00007ff981760000 - 0x00007ff9817ff000 	C:\WINDOWS\System32\sechost.dll
0x00007ff980c10000 - 0x00007ff980d30000 	C:\WINDOWS\System32\RPCRT4.dll
0x00007ff9804f0000 - 0x00007ff980517000 	C:\WINDOWS\System32\bcrypt.dll
0x00007ff9802d0000 - 0x00007ff9803d0000 	C:\WINDOWS\System32\ucrtbase.dll
0x00007ff9729f0000 - 0x00007ff972a08000 	c:\Users\Administrator\.trae-cn\extensions\redhat.java-1.52.0-win32-x64\jre\21.0.9-win32-x86_64\bin\jli.dll
0x00007ff982620000 - 0x00007ff9827c1000 	C:\WINDOWS\System32\USER32.dll
0x00007ff9802a0000 - 0x00007ff9802c2000 	C:\WINDOWS\System32\win32u.dll
0x00007ff981390000 - 0x00007ff9813bb000 	C:\WINDOWS\System32\GDI32.dll
0x00007ff9803d0000 - 0x00007ff9804e9000 	C:\WINDOWS\System32\gdi32full.dll
0x00007ff980810000 - 0x00007ff9808ad000 	C:\WINDOWS\System32\msvcp_win.dll
0x00007ff96d1d0000 - 0x00007ff96d1ee000 	c:\Users\Administrator\.trae-cn\extensions\redhat.java-1.52.0-win32-x64\jre\21.0.9-win32-x86_64\bin\VCRUNTIME140.dll
0x00007ff96d9d0000 - 0x00007ff96dc6b000 	C:\WINDOWS\WinSxS\amd64_microsoft.windows.common-controls_6595b64144ccf1df_6.0.19041.6456_none_60b8a6cb71f64256\COMCTL32.dll
0x00007ff982510000 - 0x00007ff98253f000 	C:\WINDOWS\System32\IMM32.DLL
0x00007ff97c810000 - 0x00007ff97c81c000 	c:\Users\Administrator\.trae-cn\extensions\redhat.java-1.52.0-win32-x64\jre\21.0.9-win32-x86_64\bin\vcruntime140_1.dll
0x00007ff96b320000 - 0x00007ff96b3ad000 	c:\Users\Administrator\.trae-cn\extensions\redhat.java-1.52.0-win32-x64\jre\21.0.9-win32-x86_64\bin\msvcp140.dll
0x00007ff9369b0000 - 0x00007ff937750000 	c:\Users\Administrator\.trae-cn\extensions\redhat.java-1.52.0-win32-x64\jre\21.0.9-win32-x86_64\bin\server\jvm.dll
0x00007ff982550000 - 0x00007ff9825bb000 	C:\WINDOWS\System32\WS2_32.dll
0x00007ff97f860000 - 0x00007ff97f8ab000 	C:\WINDOWS\SYSTEM32\POWRPROF.dll
0x00007ff975280000 - 0x00007ff9752a7000 	C:\WINDOWS\SYSTEM32\WINMM.dll
0x00007ff979930000 - 0x00007ff97993a000 	C:\WINDOWS\SYSTEM32\VERSION.dll
0x00007ff97f840000 - 0x00007ff97f852000 	C:\WINDOWS\SYSTEM32\UMPDC.dll
0x00007ff97dd50000 - 0x00007ff97dd62000 	C:\WINDOWS\SYSTEM32\kernel.appcore.dll
0x00007ff97c7d0000 - 0x00007ff97c7da000 	c:\Users\Administrator\.trae-cn\extensions\redhat.java-1.52.0-win32-x64\jre\21.0.9-win32-x86_64\bin\jimage.dll
0x00007ff976cc0000 - 0x00007ff976ec1000 	C:\WINDOWS\SYSTEM32\DBGHELP.DLL
0x00007ff969050000 - 0x00007ff969084000 	C:\WINDOWS\SYSTEM32\dbgcore.DLL
0x00007ff980730000 - 0x00007ff9807b2000 	C:\WINDOWS\System32\bcryptPrimitives.dll
0x00007ff978dc0000 - 0x00007ff978dcf000 	c:\Users\Administrator\.trae-cn\extensions\redhat.java-1.52.0-win32-x64\jre\21.0.9-win32-x86_64\bin\instrument.dll
0x00007ff96c770000 - 0x00007ff96c790000 	c:\Users\Administrator\.trae-cn\extensions\redhat.java-1.52.0-win32-x64\jre\21.0.9-win32-x86_64\bin\java.dll
0x00007ff9818b0000 - 0x00007ff982020000 	C:\WINDOWS\System32\SHELL32.dll
0x00007ff97df50000 - 0x00007ff97e6f5000 	C:\WINDOWS\SYSTEM32\windows.storage.dll
0x00007ff9808b0000 - 0x00007ff980c04000 	C:\WINDOWS\System32\combase.dll
0x00007ff97f800000 - 0x00007ff97f82b000 	C:\WINDOWS\SYSTEM32\Wldp.dll
0x00007ff9822b0000 - 0x00007ff98237d000 	C:\WINDOWS\System32\OLEAUT32.dll
0x00007ff981800000 - 0x00007ff9818ad000 	C:\WINDOWS\System32\SHCORE.dll
0x00007ff981700000 - 0x00007ff98175b000 	C:\WINDOWS\System32\shlwapi.dll
0x00007ff97fe50000 - 0x00007ff97fe74000 	C:\WINDOWS\SYSTEM32\profapi.dll
0x00007ff96d1b0000 - 0x00007ff96d1c8000 	c:\Users\Administrator\.trae-cn\extensions\redhat.java-1.52.0-win32-x64\jre\21.0.9-win32-x86_64\bin\zip.dll
0x00007ff9728f0000 - 0x00007ff972900000 	C:\Users\Administrator\.trae-cn\extensions\redhat.java-1.52.0-win32-x64\jre\21.0.9-win32-x86_64\bin\net.dll
0x00007ff978940000 - 0x00007ff978a4a000 	C:\WINDOWS\SYSTEM32\WINHTTP.dll
0x00007ff97f570000 - 0x00007ff97f5da000 	C:\WINDOWS\system32\mswsock.dll
0x00007ff96c900000 - 0x00007ff96c916000 	C:\Users\Administrator\.trae-cn\extensions\redhat.java-1.52.0-win32-x64\jre\21.0.9-win32-x86_64\bin\nio.dll
0x00007ff970b80000 - 0x00007ff970b90000 	c:\Users\Administrator\.trae-cn\extensions\redhat.java-1.52.0-win32-x64\jre\21.0.9-win32-x86_64\bin\verify.dll
0x00007ff944c30000 - 0x00007ff944c75000 	C:\Users\Administrator\AppData\Roaming\Trae CN\User\globalStorage\redhat.java\1.52.0\config_win\org.eclipse.equinox.launcher\org.eclipse.equinox.launcher.win32.win32.x86_64_1.2.1500.v20260121-1430\eclipse_11919.dll
0x00007ff9823e0000 - 0x00007ff98250b000 	C:\WINDOWS\System32\ole32.dll
0x00007ff97f8b0000 - 0x00007ff97f8c8000 	C:\WINDOWS\SYSTEM32\CRYPTSP.dll
0x00007ff97eeb0000 - 0x00007ff97eee8000 	C:\WINDOWS\system32\rsaenh.dll
0x00007ff97fdd0000 - 0x00007ff97fdfe000 	C:\WINDOWS\SYSTEM32\USERENV.dll
0x00007ff97f700000 - 0x00007ff97f70c000 	C:\WINDOWS\SYSTEM32\CRYPTBASE.dll
0x00007ff97f270000 - 0x00007ff97f2ab000 	C:\WINDOWS\SYSTEM32\IPHLPAPI.DLL
0x00007ff982030000 - 0x00007ff982038000 	C:\WINDOWS\System32\NSI.dll
0x00007ff953ec0000 - 0x00007ff953f09000 	C:\Users\Administrator\AppData\Local\Temp\jna-146731693\jna7842035423249746160.dll
0x00007ff982540000 - 0x00007ff982548000 	C:\WINDOWS\System32\PSAPI.DLL
0x00007ff978390000 - 0x00007ff9783a7000 	C:\WINDOWS\SYSTEM32\dhcpcsvc6.DLL
0x00007ff978ef0000 - 0x00007ff978f0d000 	C:\WINDOWS\SYSTEM32\dhcpcsvc.DLL
0x00007ff97c820000 - 0x00007ff97c82e000 	C:\Users\Administrator\.trae-cn\extensions\redhat.java-1.52.0-win32-x64\jre\21.0.9-win32-x86_64\bin\sunmscapi.dll
0x00007ff980520000 - 0x00007ff98067d000 	C:\WINDOWS\System32\CRYPT32.dll
0x00007ff97f9c0000 - 0x00007ff97f9e7000 	C:\WINDOWS\SYSTEM32\ncrypt.dll
0x00007ff97f980000 - 0x00007ff97f9bb000 	C:\WINDOWS\SYSTEM32\NTASN1.dll
0x00007ff97f2b0000 - 0x00007ff97f37a000 	C:\WINDOWS\SYSTEM32\DNSAPI.dll
0x00007ff979150000 - 0x00007ff97915a000 	C:\Windows\System32\rasadhlp.dll
0x00007ff977aa0000 - 0x00007ff977b20000 	C:\WINDOWS\System32\fwpuclnt.dll
0x00007ff96d020000 - 0x00007ff96d029000 	C:\Users\Administrator\.trae-cn\extensions\redhat.java-1.52.0-win32-x64\jre\21.0.9-win32-x86_64\bin\extnet.dll
0x00007ff97f100000 - 0x00007ff97f133000 	C:\WINDOWS\SYSTEM32\ntmarta.dll

JVMTI agents:
c:\Users\Administrator\.trae-cn\extensions\redhat.java-1.52.0-win32-x64\lombok\lombok-1.18.39-4050.jar path:c:\Users\Administrator\.trae-cn\extensions\redhat.java-1.52.0-win32-x64\jre\21.0.9-win32-x86_64\bin\instrument.dll, loaded, initialized, instrumentlib options:none

dbghelp: loaded successfully - version: 4.0.5 - missing functions: none
symbol engine: initialized successfully - sym options: 0x614 - pdb path: .;c:\Users\Administrator\.trae-cn\extensions\redhat.java-1.52.0-win32-x64\jre\21.0.9-win32-x86_64\bin;C:\WINDOWS\SYSTEM32;C:\WINDOWS\WinSxS\amd64_microsoft.windows.common-controls_6595b64144ccf1df_6.0.19041.6456_none_60b8a6cb71f64256;c:\Users\Administrator\.trae-cn\extensions\redhat.java-1.52.0-win32-x64\jre\21.0.9-win32-x86_64\bin\server;C:\Users\Administrator\AppData\Roaming\Trae CN\User\globalStorage\redhat.java\1.52.0\config_win\org.eclipse.equinox.launcher\org.eclipse.equinox.launcher.win32.win32.x86_64_1.2.1500.v20260121-1430;C:\Users\Administrator\AppData\Local\Temp\jna-146731693

VM Arguments:
jvm_args: --add-modules=ALL-SYSTEM --add-opens=java.base/java.util=ALL-UNNAMED --add-opens=java.base/java.lang=ALL-UNNAMED --add-opens=java.base/sun.nio.fs=ALL-UNNAMED -Declipse.application=org.eclipse.jdt.ls.core.id1 -Dosgi.bundles.defaultStartLevel=4 -Declipse.product=org.eclipse.jdt.ls.core.product -Djava.import.generatesMetadataFilesAtProjectRoot=false -DDetectVMInstallationsJob.disabled=true -Dfile.encoding=utf8 -XX:+UseParallelGC -XX:GCTimeRatio=4 -XX:AdaptiveSizePolicyWeight=90 -Dsun.zip.disableMemoryMapping=true -Xmx2G -Xms100m -Xlog:disable -javaagent:c:\Users\Administrator\.trae-cn\extensions\redhat.java-1.52.0-win32-x64\lombok\lombok-1.18.39-4050.jar -XX:+HeapDumpOnOutOfMemoryError -XX:HeapDumpPath=c:\Users\Administrator\AppData\Roaming\Trae CN\User\workspaceStorage\6a6730eed0bfbc042aabbcec31c7c469\redhat.java -Daether.dependencyCollector.impl=bf 
java_command: c:\Users\Administrator\.trae-cn\extensions\redhat.java-1.52.0-win32-x64\server\plugins\org.eclipse.equinox.launcher_1.7.100.v20251111-0406.jar -configuration c:\Users\Administrator\AppData\Roaming\Trae CN\User\globalStorage\redhat.java\1.52.0\config_win -data c:\Users\Administrator\AppData\Roaming\Trae CN\User\workspaceStorage\6a6730eed0bfbc042aabbcec31c7c469\redhat.java\jdt_ws --pipe=\\.\pipe\lsp-96365d0b98d5f026f8e4c7164ac280b2-sock
java_class_path (initial): c:\Users\Administrator\.trae-cn\extensions\redhat.java-1.52.0-win32-x64\server\plugins\org.eclipse.equinox.launcher_1.7.100.v20251111-0406.jar
Launcher Type: SUN_STANDARD

[Global flags]
    uintx AdaptiveSizePolicyWeight                 = 90                                        {product} {command line}
     intx CICompilerCount                          = 4                                         {product} {ergonomic}
    uintx GCTimeRatio                              = 4                                         {product} {command line}
     bool HeapDumpOnOutOfMemoryError               = true                                   {manageable} {command line}
    ccstr HeapDumpPath                             = c:\Users\Administrator\AppData\Roaming\Trae CN\User\workspaceStorage\6a6730eed0bfbc042aabbcec31c7c469\redhat.java         {manageable} {command line}
   size_t InitialHeapSize                          = 104857600                                 {product} {command line}
   size_t MaxHeapSize                              = 2147483648                                {product} {command line}
   size_t MaxNewSize                               = 715653120                                 {product} {ergonomic}
   size_t MinHeapDeltaBytes                        = 524288                                    {product} {ergonomic}
   size_t MinHeapSize                              = 104857600                                 {product} {command line}
   size_t NewSize                                  = 34603008                                  {product} {ergonomic}
    uintx NonNMethodCodeHeapSize                   = 5839372                                {pd product} {ergonomic}
    uintx NonProfiledCodeHeapSize                  = 122909434                              {pd product} {ergonomic}
   size_t OldSize                                  = 70254592                                  {product} {ergonomic}
    uintx ProfiledCodeHeapSize                     = 122909434                              {pd product} {ergonomic}
    uintx ReservedCodeCacheSize                    = 251658240                              {pd product} {ergonomic}
     bool SegmentedCodeCache                       = true                                      {product} {ergonomic}
   size_t SoftMaxHeapSize                          = 2147483648                             {manageable} {ergonomic}
     bool UseCompressedOops                        = true                           {product lp64_product} {ergonomic}
     bool UseLargePagesIndividualAllocation        = false                                  {pd product} {ergonomic}
     bool UseParallelGC                            = true                                      {product} {command line}

Logging:
Log output configuration:
 #0: stdout all=off uptime,level,tags foldmultilines=false
 #1: stderr all=off uptime,level,tags foldmultilines=false

Release file:
JAVA_VERSION="21.0.9" 
MODULES="java.base java.compiler java.datatransfer java.xml java.prefs java.desktop java.instrument java.logging java.management java.security.sasl java.naming java.rmi java.management.rmi java.net.http java.scripting java.security.jgss java.transaction.xa java.sql java.sql.rowset java.xml.crypto java.se java.smartcardio jdk.accessibility jdk.internal.jvmstat jdk.attach jdk.charsets jdk.internal.opt jdk.zipfs jdk.compiler jdk.crypto.ec jdk.crypto.cryptoki jdk.crypto.mscapi jdk.dynalink jdk.internal.ed jdk.editpad jdk.hotspot.agent jdk.httpserver jdk.internal.le jdk.internal.vm.ci jdk.internal.vm.compiler jdk.internal.vm.compiler.management jdk.jartool jdk.javadoc jdk.jcmd jdk.management jdk.management.agent jdk.jconsole jdk.jdeps jdk.jdwp.agent jdk.jdi jdk.jfr jdk.jshell jdk.jsobject jdk.jstatd jdk.localedata jdk.management.jfr jdk.naming.dns jdk.naming.rmi jdk.net jdk.nio.mapmode jdk.random jdk.sctp jdk.security.auth jdk.security.jgss jdk.unsupported jdk.unsupported.desktop jdk.xml.dom" 

Environment Variables:
JAVA_HOME=C:\Program Files\Java\jdk1.8.0_131
PATH=C:\Users\Administrator\.trae-cn\tools\gradle\latest\bin;C:\Program Files\Java\jdk1.8.0_131\bin;C:\Users\Administrator\.trae-cn\tools\maven\latest\bin;c:\Users\Administrator\.trae-cn\tools\trae-gopls\current;c:\Users\Administrator\.trae-cn\sdks\workspaces\6a6730ee\versions\node\current;c:\Users\Administrator\.trae-cn\sdks\versions\node\current;C:\WINDOWS\system32;C:\WINDOWS;C:\WINDOWS\System32\Wbem;C:\WINDOWS\System32\WindowsPowerShell\v1.0\;C:\Program Files\nodejs\;C:\ProgramData\chocolatey\bin;C:\Program Files (x86)\Windows Kits\10\Windows Performance Toolkit\;C:\Program Files (x86)\Gpg4win\..\GnuPG\bin;D:\mysql-5.7.43-winx64\bin;D:\wx\web\dll;C:\Pro;ram Files\dotnet\;C:\Program Files (x86)\NetSarang\Xftp 7\;C:\Program Files\Java\jdk1.8.0_131\\bin;C:\Program Files\Java\jdk1.8.0_131\\jar\bin;C:\ProgramData\Oracle\Java\javapath;C:\Program Files\Git\cmd;C:\Users\Administrator\AppData\Local\Microsoft\WindowsApps;D:\maven\apache-maven-3.6.0-bin\bin;D:\android-ndk-r10e;D:\cygwin64\bin;C:\Users\Administrator\AppData\Roaming\npm;C:\Program Files\Java\jdk1.8.0_131\bin;D:\Program Files\CodeBuddy CN\bin;d:\Program Files\Trae CN\resources\app\bin\lib
USERNAME=Administrator
OS=Windows_NT
PROCESSOR_IDENTIFIER=Intel64 Family 6 Model 158 Stepping 9, GenuineIntel
TMP=C:\Users\ADMINI~1\AppData\Local\Temp
TEMP=C:\Users\ADMINI~1\AppData\Local\Temp




Periodic native trim disabled

---------------  S Y S T E M  ---------------

OS:
 Windows 10 , 64 bit Build 19041 (10.0.19041.5915)
OS uptime: 0 days 23:46 hours
Hyper-V role detected

CPU: total 8 (initial active 8) (4 cores per cpu, 2 threads per core) family 6 model 158 stepping 9 microcode 0xb4, cx8, cmov, fxsr, ht, mmx, 3dnowpref, sse, sse2, sse3, ssse3, sse4.1, sse4.2, popcnt, lzcnt, tsc, tscinvbit, avx, avx2, aes, erms, clmul, bmi1, bmi2, adx, fma, vzeroupper, clflush, clflushopt, hv, rdtscp, f16c
Processor Information for the first 8 processors :
  Max Mhz: 3096, Current Mhz: 3096, Mhz Limit: 3096

Memory: 4k page, system-wide physical 32683M (9099M free)
TotalPageFile size 44193M (AvailPageFile size 4M)
current process WorkingSet (physical memory assigned to process): 438M, peak: 1712M
current process commit charge ("private bytes"): 804M, peak: 1758M

vm_info: OpenJDK 64-Bit Server VM (21.0.9+10-LTS) for windows-amd64 JRE (21.0.9+10-LTS), built on 2025-10-21T00:00:00Z by "admin" with unknown MS VC++:1942

END.
